"total space in gb 245.11"
SHIELD: debug ==> App run in the emulator, skipping the fork check. []
SHIELD: debug ==> uptime: 10829.224317208, realtime: 1689327486 []
"2️⃣"
"Thread time==2" "10.132"
"1️⃣"
"Thread time==1" "10.167"
SHIELD: debug ==> {"OS_TYPE":"Darwin","IS_DEBUGGING":"{\"debuggable\":false,\"debugger_connected\":true}","LATLNG":"disabled","PROXIMITY":"0","GSM_CONNECTION":"","CARRIER_COUNTRY_CODE":"","SESSION_CREATED":"1689339069","IS_ICLOUD_SIGNIN":"No","CPU":"Darwin Kernel Version 22.5.0: Mon Apr 24 20:53:44 PDT 2023; root:xnu-8796.121.2~5\/RELEASE_ARM64_T8103","PERSISTENT_ID":"0E7816CC-7327-4214-872D-F0D29A8B6398","FONTS":"AcademyEngravedLetPlain,AlNile,AlNile-Bold,AmericanTypewriter,AmericanTypewriter-Light,AmericanTypewriter-Semibold,AmericanTypewriter-Bold,AmericanTypewriter-Condensed,AmericanTypewriter-CondensedLight,AmericanTypewriter-CondensedBold,AppleColorEmoji,AppleSDGothicNeo-Regular,AppleSDGothicNeo-Thin,AppleSDGothicNeo-UltraLight,AppleSDGothicNeo-Light,AppleSDGothicNeo-Medium,AppleSDGothicNeo-SemiBold,AppleSDGothicNeo-Bold,AppleSymbols,ArialMT,Arial-ItalicMT,Arial-BoldMT,Arial-BoldItalicMT,ArialHebrew,ArialHebrew-Light,ArialHebrew-Bold,ArialRoundedMTBold,Avenir-Book,Avenir-Roman,Avenir-BookOblique,Avenir-Oblique,Avenir-Light,Avenir-LightOblique,Avenir-Medium,Avenir-MediumOblique,Avenir-Heavy,Avenir-HeavyOblique,Avenir-Black,Avenir-BlackOblique,AvenirNext-Regular,AvenirNext-Italic,AvenirNext-UltraLight,AvenirNext-UltraLightItalic,AvenirNext-Medium,AvenirNext-MediumItalic,AvenirNext-DemiBold,AvenirNext-DemiBoldItalic,AvenirNext-Bold,AvenirNext-BoldItalic,AvenirNext-Heavy,AvenirNext-HeavyItalic,AvenirNextCondensed-Regular,AvenirNextCondensed-Italic,AvenirNextCondensed-UltraLight,AvenirNextCondensed-UltraLightItalic,AvenirNextCondensed-Medium,AvenirNextCondensed-MediumItalic,AvenirNextCondensed-DemiBold,AvenirNextCondensed-DemiBoldItalic,AvenirNextCondensed-Bold,AvenirNextCondensed-BoldItalic,AvenirNextCondensed-Heavy,AvenirNextCondensed-HeavyItalic,Baskerville,Baskerville-Italic,Baskerville-SemiBold,Baskerville-SemiBoldItalic,Baskerville-Bold,Baskerville-BoldItalic,BodoniSvtyTwoITCTT-Book,BodoniSvtyTwoITCTT-BookIta,BodoniSvtyTwoITCTT-Bold,BodoniSvtyTwoOSITCTT-Book,BodoniSvtyTwoOSITCTT-BookIt,BodoniSvtyTwoOSITCTT-Bold,BodoniSvtyTwoSCITCTT-Book,BodoniOrnamentsITCTT,BradleyHandITCTT-Bold,ChalkboardSE-Regular,ChalkboardSE-Light,ChalkboardSE-Bold,Chalkduster,Charter-Roman,Charter-Italic,Charter-Bold,Charter-BoldItalic,Charter-Black,Charter-BlackItalic,Cochin,Cochin-Italic,Cochin-Bold,Cochin-BoldItalic,Copperplate,Copperplate-Light,Copperplate-Bold,CourierNewPSMT,CourierNewPS-ItalicMT,CourierNewPS-BoldMT,CourierNewPS-BoldItalicMT,Damascus,DamascusLight,DamascusMedium,DamascusSemiBold,DamascusBold,DevanagariSangamMN,DevanagariSangamMN-Bold,Didot,Didot-Italic,Didot-Bold,DINAlternate-Bold,DINCondensed-Bold,EuphemiaUCAS,EuphemiaUCAS-Italic,EuphemiaUCAS-Bold,Farah,Futura-Medium,Futura-MediumItalic,Futura-Bold,Futura-CondensedMedium,Futura-CondensedExtraBold,Galvji,Galvji-Bold,GeezaPro,GeezaPro-Bold,Georgia,Georgia-Italic,Georgia-Bold,Georgia-BoldItalic,GillSans,GillSans-Italic,GillSans-Light,GillSans-LightItalic,GillSans-SemiBold,GillSans-SemiBoldItalic,GillSans-Bold,GillSans-BoldItalic,GillSans-UltraBold,GranthaSangamMN-Regular,GranthaSangamMN-Bold,Helvetica,Helvetica-Oblique,Helvetica-Light,Helvetica-LightOblique,Helvetica-Bold,Helvetica-BoldOblique,HelveticaNeue,HelveticaNeue-Italic,HelveticaNeue-UltraLight,HelveticaNeue-UltraLightItalic,HelveticaNeue-Thin,HelveticaNeue-ThinItalic,HelveticaNeue-Light,HelveticaNeue-LightItalic,HelveticaNeue-Medium,HelveticaNeue-MediumItalic,HelveticaNeue-Bold,HelveticaNeue-BoldItalic,HelveticaNeue-CondensedBold,HelveticaNeue-CondensedBlack,HiraMaruProN-W4,HiraMinProN-W3,HiraMinProN-W6,HiraginoSans-W3,HiraginoSans-W6,HiraginoSans-W7,HoeflerText-Regular,HoeflerText-Italic,HoeflerText-Black,HoeflerText-BlackItalic,Impact,Kailasa,Kailasa-Bold,Kefa-Regular,KhmerSangamMN,KohinoorBangla-Regular,KohinoorBangla-Light,KohinoorBangla-Semibold,KohinoorDevanagari-Regular,KohinoorDevanagari-Light,KohinoorDevanagari-Semibold,KohinoorGujarati-Regular,KohinoorGujarati-Light,KohinoorGujarati-Bold,KohinoorTelugu-Regular,KohinoorTelugu-Light,KohinoorTelugu-Medium,LaoSangamMN,MalayalamSangamMN,MalayalamSangamMN-Bold,MarkerFelt-Thin,MarkerFelt-Wide,Menlo-Regular,Menlo-Italic,Menlo-Bold,Menlo-BoldItalic,DiwanMishafi,MuktaMahee-Regular,MuktaMahee-Light,MuktaMahee-Bold,MyanmarSangamMN,MyanmarSangamMN-Bold,Noteworthy-Light,Noteworthy-Bold,NotoNastaliqUrdu,NotoNastaliqUrdu-Bold,NotoSansKannada-Regular,NotoSansKannada-Light,NotoSansKannada-Bold,NotoSansMyanmar-Regular,NotoSansMyanmar-Light,NotoSansMyanmar-Bold,NotoSansOriya,NotoSansOriya-Bold,Optima-Regular,Optima-Italic,Optima-Bold,Optima-BoldItalic,Optima-ExtraBlack,Palatino-Roman,Palatino-Italic,Palatino-Bold,Palatino-BoldItalic,Papyrus,Papyrus-Condensed,PartyLetPlain,PingFangHK-Regular,PingFangHK-Ultralight,PingFangHK-Thin,PingFangHK-Light,PingFangHK-Medium,PingFangHK-Semibold,PingFangSC-Regular,PingFangSC-Ultralight,PingFangSC-Thin,PingFangSC-Light,PingFangSC-Medium,PingFangSC-Semibold,PingFangTC-Regular,PingFangTC-Ultralight,PingFangTC-Thin,PingFangTC-Light,PingFangTC-Medium,PingFangTC-Semibold,Rockwell-Regular,Rockwell-Italic,Rockwell-Bold,Rockwell-BoldItalic,SavoyeLetPlain,SinhalaSangamMN,SinhalaSangamMN-Bold,SnellRoundhand,SnellRoundhand-Bold,SnellRoundhand-Black,STIXTwoMath-Regular,STIXTwoText,STIXTwoText-Italic,STIXTwoText_Medium,STIXTwoText-Italic_Medium-Italic,STIXTwoText_SemiBold,STIXTwoText-Italic_SemiBold-Italic,STIXTwoText_Bold,STIXTwoText-Italic_Bold-Italic,Symbol,TamilSangamMN,TamilSangamMN-Bold,Thonburi,Thonburi-Light,Thonburi-Bold,TimesNewRomanPSMT,TimesNewRomanPS-ItalicMT,TimesNewRomanPS-BoldMT,TimesNewRomanPS-BoldItalicMT,TrebuchetMS,TrebuchetMS-Italic,TrebuchetMS-Bold,Trebuchet-BoldItalic,Verdana,Verdana-Italic,Verdana-Bold,Verdana-BoldItalic,ZapfDingbatsITC,Zapfino","WIFI_IP":"2401:4900:1cb8:437f:89e0:d4c7:319c:7574","IDFA":"disabled","DEVICE_NAME":"iPhone 14","PLATFORM":"1","PROXY_ADDRESS":"","WIFI_SSID":"","ALLOW_VOIP":"","APPVERSION":"1.0","CARRIER_ISO_CODE":"","BATTERY_STATE":"unknown","DISPLAY":"1170.000000|2532.000000|3.000000","MODEL":"iPhone","WIFI_BSSID":"","SITE_ID":"dda05c5ddac400e1c133a360e2714aada4cda052","REVERSED_TOOLS":"{\"suspicious_packages\":\"\",\"opened_ports\":\"\",\"is_frida_running\":false,\"is_found_frida\":false,\"suspicious_apps\":\"\"}","APP_INFO":"{\"provision\":\"file not found\",\"first_installation_time\":0,\"package_name\":\"com.companyname.iOSApp\"}","JAILBROKEN":"{\"isFoundSymbolicLinks\":false,\"isFoundSuspiciousLibraries\":false,\"isReadableFileFunctionHooked\":false,\"canOpenSuspiciousFiles\":false,\"canWriteToRestrictedDirectories\":false,\"isSymbolicLinkFunctionHooked\":false,\"isJailbrokenHidden\":false,\"canForkProcess\":false,\"isFoundSuspiciousFiles\":false,\"isfileExistsFunctionHooked\":false}","PHOTOS":"disabled","APP_NAME":"iOSApp","IS_LOW_POWER_MODE":"No","OS_RELEASE":"22.5.0","HOST_NAME":"Shields-MacBook-Pro.local","FWVERSION":"1.5.27","ACTIVE_CPU_COUNT":"8","BRAND":"Apple","CARRIER":"","TIME_SINCE_BOOT":"realtime:1689327486,uptime: 10829.224317208","FWBUILD":"60","SCREEN_CAPTURE":"{\"airplay\":false,\"mirror\":false,\"record\":false}","HEADPHONE_ATTACHED":"No","DEVICE_MODEL":"x86_64","DEVICE_UI":"phone","CONTACTS":"disabled","WIFI_ROUTER_ADDRESS":"192.168.1.1","BACKGROUND_APP_USAGE":"{\"using_vpn\":\"false\",\"vpn_port\":\"en0\"}","TEST":"true","LATLNG_SOURCE":"","EVENT_NAME":"sdk_initialized","SYSTEM_NAME":"iOS","FILE_PATHS":"{\"file_path\":\"\\\/Users\\\/akash\\\/Library\\\/Developer\\\/CoreSimulator\\\/Devices\\\/6599BF53-C92C-498F-803B-BACE1F8EF868\\\/data\\\/Containers\\\/Data\\\/Application\\\/955D46E2-908C-4AEA-A75D-0BA735D5CED4\\\/Applications\"}","BATTERY":"-100.0","PACKAGE_NAME":"com.companyname.iOSApp","OS":"16.4","GMT":"5","DEVICE_UUID":"0E7816CC-7327-4214-872D-F0D29A8B6398","SCREEN_NAME":"ViewController","IS_SIMULATOR":"1","OS_BUILD_NUMBER":"22F66","CURRENCY":"$","BROWSER":"Mozilla\/5.0 (iPhone; CPU iPhone OS 16_4 like Mac OS X) AppleWebKit\/605.1.15 (KHTML, like Gecko) Mobile\/15E148","LOCALIZED_MODEL":"iPhone","CARRIER_NETWORK_CODE":"","APPBUILD":"1.0","SESSION_ID":"753e7f693234406db36103fa003523f3","DISKSPACE":"{\"free\":\"7.28\",\"total\":\"245.11\"}","LANGUAGE":"en","IS_DEVICE_SECURE":"Yes","BRIGHTNESS":"50.0","DEVICE_ORIENTATION":"Portrait","MACHINE_BUILD":"MacBookPro17,1","RAMSIZE":"{\"total\":\"17.18\",\"free\":\"0.05\"}","AUTO_CLICK":"0"} []
SHIELD: debug ==> Error = %s Error encrypting keys with RSA public key
SHIELD: debug ==> https://pikachu.csftr.com/device/v2/mobile []
SHIELD: debug ==> https://pikachu.csftr.com/wfp/send-error.php []
SHIELD: debug ==> REQUEST HEADERS: Content-Type = application/json []
SHIELD: debug ==> REQUEST HEADERS: sv = 1.5.27 []
SHIELD: debug ==> REQUEST HEADERS: Site-Id = dda05c5ddac400e1c133a360e2714aada4cda052 []
SHIELD: debug ==> REQUEST HEADERS: Timestamp = 1689339070223 []
SHIELD: debug ==> REQUEST HEADERS: Content-Type = text/plain []
SHIELD: debug ==> REQUEST HEADERS: session_id = 753e7f693234406db36103fa003523f3 []
SHIELD: debug ==> REQUEST HEADERS: platform = 1 []
SHIELD: debug ==> REQUEST HEADERS: x-enc = false []
SHIELD: debug ==> REQUEST HEADERS: Shield-Signature = 4a896db1feb2a5399661d50cd83ae1692c020cdcb584eb0a454427a7e06e3a5e []
"SHIELD_NETWORK_STATUS:: Internet connectivity changed from true to true"
"SHIELD_NETWORK_STATUS:: Internet connectivity changed from true to true"
SHIELD: debug ==> RESPONSE HEADERS: cf-cache-status = DYNAMIC []
SHIELD: debug ==> RESPONSE HEADERS: Content-Length = 9 []
SHIELD: debug ==> RESPONSE HEADERS: x-envoy-upstream-service-time = 3 []
SHIELD: debug ==> RESPONSE HEADERS: cf-ray = 7e69e5484e8532af-BLR []
SHIELD: debug ==> RESPONSE HEADERS: Date = Fri, 14 Jul 2023 12:51:10 GMT []
SHIELD: debug ==> RESPONSE HEADERS: Content-Type = application/json; charset=utf-8 []
SHIELD: debug ==> RESPONSE HEADERS: Server = cloudflare []
SHIELD: debug ==> url: Optional("https://pikachu.csftr.com/wfp/send-error.php"),status: Optional(200) []
SHIELD: debug ==> RESPONSE HEADERS: digest-required = true []
SHIELD: debug ==> RESPONSE HEADERS: Content-Encoding = gzip []
SHIELD: debug ==> RESPONSE HEADERS: cf-cache-status = DYNAMIC []
SHIELD: debug ==> RESPONSE HEADERS: Content-Type = application/json; charset=utf-8 []
SHIELD: debug ==> RESPONSE HEADERS: x-envoy-upstream-service-time = 44 []
SHIELD: debug ==> RESPONSE HEADERS: Date = Fri, 14 Jul 2023 12:51:10 GMT []
SHIELD: debug ==> RESPONSE HEADERS: Server = cloudflare []
SHIELD: debug ==> RESPONSE HEADERS: message-digest = c90d34788adaade340d863ab9ce7925e52edde4d95bd5e43b7a47223eec33302 []
SHIELD: debug ==> RESPONSE HEADERS: its = 1esdstsqhej4d []
SHIELD: debug ==> RESPONSE HEADERS: cxe = false []
SHIELD: debug ==> RESPONSE HEADERS: cf-ray = 7e69e5485e9032af-BLR []
SHIELD: debug ==> url: Optional("https://pikachu.csftr.com/device/v2/mobile"),status: Optional(200) []
SHIELD: debug ==> {"status":true,"auto_block":true,"callback":true,"result":{"device_intelligence":{"running_screen_sharing":false,"app_tampering":false,"debugging":true,"running_gps_spoofers":false,"hooking":false,"device_score":28,"suspicious_factory_reset":false,"running_vpn_spoofers":false,"is_emulated":true,"is_jailbroken":false,"shield_id":"ddaec1aaeb5a2516667c9f28735c45b2","running_clone_apps":false},"session_id":"753e7f693234406db36103fa003523f3","is_payload_tampered":false,"version":"1.1.0","platform":"iOS","timestamp":"1689339070"},"auto_captcha":false,"code":"001","message":"Success","mismatch-fp-setting-version":true,"feature_version":"60"} []
"First time call......"
SHIELD: debug ==> {"TEST":"true","extra_attributes":"{\"canSendText\":false,\"keyboard\":[\"en_US@sw=QWERTY;hw=Automatic\",\"emoji@sw=Emoji\"],\"timeZone\":\"Asia\\\/Kolkata\",\"canSendMail\":false,\"localeLanguageCount\":599,\"isGrayscaleEnabled\":false,\"localeRegionCount\":256,\"isDarkerSystemColorsEnabled\":false,\"isShakeToUndoEnabled\":true,\"timeZoneCount\":442,\"calendarType\":\"gregorian\",\"isBoldTextEnabled\":false,\"isReduceMotionEnabled\":false,\"localeRegionCode\":\"US\",\"TIME_FORMAT\":\"12 hours\",\"isAssistiveTouchRunning\":false,\"isVideoAutoplayEnabled\":true,\"isReduceTransparencyEnabled\":false}","num_of_sensors":"{\"BIOMETRIC\":\"1\"}","session_id":"753e7f693234406db36103fa003523f3","site_id":"dda05c5ddac400e1c133a360e2714aada4cda052"} []
SHIELD: debug ==> Error = %s Error encrypting keys with RSA public key
SHIELD: debug ==> https://pikachu.csftr.com/wfp/send-error.php []
SHIELD: debug ==> REQUEST HEADERS: Content-Type = application/json []
SHIELD: debug ==> https://pikachu.csftr.com/device/v2/mobile/device-attributes []
SHIELD: debug ==> REQUEST HEADERS: Timestamp = 1689339070942 []
SHIELD: debug ==> REQUEST HEADERS: Shield-Signature = d4d28ef40d32ce63209b58ab5972240ab3607ca697a193d999a5ddf56a0ef5e4 []
SHIELD: debug ==> REQUEST HEADERS: Site-Id = dda05c5ddac400e1c133a360e2714aada4cda052 []
SHIELD: debug ==> REQUEST HEADERS: platform = 1 []
SHIELD: debug ==> REQUEST HEADERS: sv = 1.5.27 []
SHIELD: debug ==> REQUEST HEADERS: x-enc = false []
SHIELD: debug ==> REQUEST HEADERS: Content-Type = text/plain []
SHIELD: debug ==> REQUEST HEADERS: session_id = 753e7f693234406db36103fa003523f3 []
SHIELD: debug ==> RESPONSE HEADERS: cf-ray = 7e69e54aaf9f1d89-BLR []
SHIELD: debug ==> RESPONSE HEADERS: Content-Encoding = gzip []
SHIELD: debug ==> RESPONSE HEADERS: Content-Type = application/json; charset=utf-8 []
SHIELD: debug ==> RESPONSE HEADERS: cf-cache-status = DYNAMIC []
SHIELD: debug ==> RESPONSE HEADERS: x-envoy-upstream-service-time = 4 []
SHIELD: debug ==> RESPONSE HEADERS: Server = cloudflare []
SHIELD: debug ==> RESPONSE HEADERS: Date = Fri, 14 Jul 2023 12:51:11 GMT []
SHIELD: debug ==> url: Optional("https://pikachu.csftr.com/device/v2/mobile/device-attributes"),status: Optional(200) []
SHIELD: debug ==> {"success":true,"message":"device attributes processed successfully!"} []
SHIELD: debug ==> {"extra_attributes":"{\"isReduceTransparencyEnabled\":false,\"timeZoneCount\":442,\"isAssistiveTouchRunning\":false,\"isBoldTextEnabled\":false,\"canSendMail\":false,\"timeZone\":\"Asia\\\/Kolkata\",\"isShakeToUndoEnabled\":true,\"canSendText\":false,\"isVideoAutoplayEnabled\":true,\"localeLanguageCount\":599,\"localeRegionCount\":256,\"isReduceMotionEnabled\":false,\"calendarType\":\"gregorian\",\"isDarkerSystemColorsEnabled\":false,\"keyboard\":[\"en_US@sw=QWERTY;hw=Automatic\",\"emoji@sw=Emoji\"],\"TIME_FORMAT\":\"12 hours\",\"localeRegionCode\":\"US\",\"isGrayscaleEnabled\":false}","num_of_sensors":"{\"BIOMETRIC\":\"1\"}","site_id":"dda05c5ddac400e1c133a360e2714aada4cda052","session_id":"753e7f693234406db36103fa003523f3","TEST":"true"} []
SHIELD: debug ==> Error = %s Error encrypting keys with RSA public key
SHIELD: debug ==> https://pikachu.csftr.com/device/v2/mobile/device-attributes []
SHIELD: debug ==> REQUEST HEADERS: sv = 1.5.27 []
SHIELD: debug ==> REQUEST HEADERS: Timestamp = 1689339071321 []
SHIELD: debug ==> REQUEST HEADERS: platform = 1 []
SHIELD: debug ==> REQUEST HEADERS: Site-Id = dda05c5ddac400e1c133a360e2714aada4cda052 []
SHIELD: debug ==> REQUEST HEADERS: Content-Type = text/plain []
SHIELD: debug ==> REQUEST HEADERS: session_id = 753e7f693234406db36103fa003523f3 []
SHIELD: debug ==> REQUEST HEADERS: x-enc = false []
SHIELD: debug ==> REQUEST HEADERS: Shield-Signature = 9f24f30393c23928f176a9440556c374e3df0134315a66c035580bcc707856be []
SHIELD: debug ==> https://pikachu.csftr.com/wfp/send-error.php []
SHIELD: debug ==> REQUEST HEADERS: Content-Type = application/json []
SHIELD: debug ==> https://pikachu.csftr.com/shield-fp/v1/api/intelligence/753e7f693234406db36103fa003523f3?sdk=true&platform=APP []
SHIELD: debug ==> REQUEST HEADERS: Timestamp = 1689339071325 []
SHIELD: debug ==> REQUEST HEADERS: Shield-Signature = 029707c4c49bb0c0370e0506c6fe78d5682c3809ddff645fedb1af142e8b3fa6 []
SHIELD: debug ==> REQUEST HEADERS: session_id = 753e7f693234406db36103fa003523f3 []
SHIELD: debug ==> REQUEST HEADERS: platform = 1 []
SHIELD: debug ==> REQUEST HEADERS: sv = 1.5.27 []
SHIELD: debug ==> REQUEST HEADERS: Site-Id = dda05c5ddac400e1c133a360e2714aada4cda052 []
SHIELD: debug ==> {"screen_name":"Screen_Name","site_id":"dda05c5ddac400e1c133a360e2714aada4cda052","key2":"Value2","key1":"Value1","session_id":"753e7f693234406db36103fa003523f3","TEST":"true"} []
SHIELD: debug ==> Error = %s Error encrypting keys with RSA public key
SHIELD: debug ==> https://pikachu.csftr.com/wfp/send-error.php []
SHIELD: debug ==> REQUEST HEADERS: Content-Type = application/json []
SHIELD: debug ==> https://pikachu.csftr.com/device/v2/api/attributes []
SHIELD: debug ==> REQUEST HEADERS: Shield-Signature = b624d8d2299fde9774b6b2c006b1f0ca9489617bd5628ef170752289ca83275d []
SHIELD: debug ==> REQUEST HEADERS: platform = 1 []
SHIELD: debug ==> REQUEST HEADERS: x-enc = false []
SHIELD: debug ==> REQUEST HEADERS: Content-Type = text/plain []
SHIELD: debug ==> REQUEST HEADERS: Site-Id = dda05c5ddac400e1c133a360e2714aada4cda052 []
SHIELD: debug ==> REQUEST HEADERS: sv = 1.5.27 []
SHIELD: debug ==> REQUEST HEADERS: Timestamp = 1689339071329 []
SHIELD: debug ==> REQUEST HEADERS: session_id = 753e7f693234406db36103fa003523f3 []
SHIELD: debug ==> RESPONSE HEADERS: Content-Type = application/json; charset=utf-8 []
SHIELD: debug ==> RESPONSE HEADERS: x-envoy-upstream-service-time = 3 []
SHIELD: debug ==> RESPONSE HEADERS: Date = Fri, 14 Jul 2023 12:51:11 GMT []
SHIELD: debug ==> RESPONSE HEADERS: Content-Length = 9 []
SHIELD: debug ==> RESPONSE HEADERS: cf-cache-status = DYNAMIC []
SHIELD: debug ==> RESPONSE HEADERS: cf-ray = 7e69e54b0f720e2c-BOM []
SHIELD: debug ==> RESPONSE HEADERS: Server = cloudflare []
SHIELD: debug ==> url: Optional("https://pikachu.csftr.com/wfp/send-error.php"),status: Optional(200) []
"2️⃣"
"Thread time==2" "11.407"
SHIELD: debug ==> RESPONSE HEADERS: cf-cache-status = DYNAMIC []
SHIELD: debug ==> RESPONSE HEADERS: Content-Type = application/json; charset=utf-8 []
SHIELD: debug ==> RESPONSE HEADERS: x-envoy-upstream-service-time = 4 []
SHIELD: debug ==> RESPONSE HEADERS: cf-ray = 7e69e54cfcc51d89-BLR []
SHIELD: debug ==> RESPONSE HEADERS: Date = Fri, 14 Jul 2023 12:51:11 GMT []
SHIELD: debug ==> RESPONSE HEADERS: Server = cloudflare []
SHIELD: debug ==> RESPONSE HEADERS: Content-Encoding = gzip []
SHIELD: debug ==> url: Optional("https://pikachu.csftr.com/device/v2/mobile/device-attributes"),status: Optional(200) []
SHIELD: debug ==> {"success":true,"message":"device attributes processed successfully!"} []
SHIELD: debug ==> RESPONSE HEADERS: cf-ray = 7e69e54d0baf1d24-BLR []
SHIELD: debug ==> RESPONSE HEADERS: Server = cloudflare []
SHIELD: debug ==> RESPONSE HEADERS: x-envoy-upstream-service-time = 3 []
SHIELD: debug ==> RESPONSE HEADERS: Content-Type = application/json; charset=utf-8 []
SHIELD: debug ==> RESPONSE HEADERS: Content-Length = 9 []
SHIELD: debug ==> RESPONSE HEADERS: cf-cache-status = DYNAMIC []
SHIELD: debug ==> RESPONSE HEADERS: Date = Fri, 14 Jul 2023 12:51:11 GMT []
SHIELD: debug ==> url: Optional("https://pikachu.csftr.com/wfp/send-error.php"),status: Optional(200) []
SHIELD: debug ==> RESPONSE HEADERS: Content-Type = application/json; charset=utf-8 []
SHIELD: debug ==> RESPONSE HEADERS: cf-cache-status = DYNAMIC []
SHIELD: debug ==> RESPONSE HEADERS: Content-Length = 9 []
SHIELD: debug ==> RESPONSE HEADERS: Date = Fri, 14 Jul 2023 12:51:11 GMT []
SHIELD: debug ==> RESPONSE HEADERS: cf-ray = 7e69e54d59872e1c-BOM []
SHIELD: debug ==> RESPONSE HEADERS: x-envoy-upstream-service-time = 3 []
SHIELD: debug ==> RESPONSE HEADERS: Server = cloudflare []
SHIELD: debug ==> url: Optional("https://pikachu.csftr.com/wfp/send-error.php"),status: Optional(200) []
SHIELD: debug ==> {"SESSION_ID":"753e7f693234406db36103fa003523f3","PHOTOS":"disabled","DISKSPACE":"{\"free\":\"7.28\",\"total\":\"245.11\"}","PERSISTENT_ID":"0E7816CC-7327-4214-872D-F0D29A8B6398","JAILBROKEN":"{\"isFoundSymbolicLinks\":false,\"isFoundSuspiciousLibraries\":false,\"isReadableFileFunctionHooked\":false,\"canOpenSuspiciousFiles\":false,\"canWriteToRestrictedDirectories\":false,\"isSymbolicLinkFunctionHooked\":false,\"isJailbrokenHidden\":false,\"canForkProcess\":false,\"isFoundSuspiciousFiles\":false,\"isfileExistsFunctionHooked\":false}","APPVERSION":"1.0","SCREEN_NAME":"Balwant Screen","LATLNG_SOURCE":"","RAMSIZE":"{\"total\":\"17.18\",\"free\":\"0.05\"}","OS_TYPE":"Darwin","LOCALIZED_MODEL":"iPhone","WIFI_ROUTER_ADDRESS":"192.168.1.1","BRIGHTNESS":"50.0","PACKAGE_NAME":"com.companyname.iOSApp","REVERSED_TOOLS":"{\"suspicious_packages\":\"\",\"opened_ports\":\"\",\"is_found_frida\":false,\"suspicious_apps\":\"\",\"is_frida_running\":false}","CARRIER_ISO_CODE":"","FWBUILD":"60","BROWSER":"Mozilla\/5.0 (iPhone; CPU iPhone OS 16_4 like Mac OS X) AppleWebKit\/605.1.15 (KHTML, like Gecko) Mobile\/15E148","OS_BUILD_NUMBER":"22F66","PROXIMITY":"0","IS_SIMULATOR":"1","CONTACTS":"disabled","BACKGROUND_APP_USAGE":"{\"vpn_port\":\"en0\",\"using_vpn\":\"false\"}","CPU":"Darwin Kernel Version 22.5.0: Mon Apr 24 20:53:44 PDT 2023; root:xnu-8796.121.2~5\/RELEASE_ARM64_T8103","CARRIER_COUNTRY_CODE":"","OS_RELEASE":"22.5.0","OS":"16.4","WIFI_IP":"2401:4900:1cb8:437f:89e0:d4c7:319c:7574","APP_NAME":"iOSApp","BATTERY_STATE":"unknown","PROXY_ADDRESS":"","DISPLAY":"1170.000000|2532.000000|3.000000","CURRENCY":"$","TIME_SINCE_BOOT":"realtime:1689327486,uptime: 10829.224317208","BRAND":"Apple","GSM_CONNECTION":"","TEST":"true","SESSION_CREATED":"1689339069","MACHINE_BUILD":"MacBookPro17,1","APP_INFO":"{\"provision\":\"file not found\",\"first_installation_time\":0,\"package_name\":\"com.companyname.iOSApp\"}","ALLOW_VOIP":"","DEVICE_UI":"phone","ACTIVE_CPU_COUNT":"8","CARRIER":"","HEADPHONE_ATTACHED":"No","HOST_NAME":"Shields-MacBook-Pro.local","WIFI_BSSID":"","LANGUAGE":"en","CARRIER_NETWORK_CODE":"","APPBUILD":"1.0","AUTO_CLICK":"0","PLATFORM":"1","SYSTEM_NAME":"iOS","IS_LOW_POWER_MODE":"No","SCREEN_CAPTURE":"{\"record\":false,\"airplay\":false,\"mirror\":false}","WIFI_SSID":"","DEVICE_ORIENTATION":"Portrait","MODEL":"iPhone","SERVER_CERTIFICATE_ISSUER":"E1","DEVICE_UUID":"0E7816CC-7327-4214-872D-F0D29A8B6398","EVENT_NAME":"manual_triggered","FWVERSION":"1.5.27","GMT":"5","FONTS":"AcademyEngravedLetPlain,AlNile,AlNile-Bold,AmericanTypewriter,AmericanTypewriter-Light,AmericanTypewriter-Semibold,AmericanTypewriter-Bold,AmericanTypewriter-Condensed,AmericanTypewriter-CondensedLight,AmericanTypewriter-CondensedBold,AppleColorEmoji,AppleSDGothicNeo-Regular,AppleSDGothicNeo-Thin,AppleSDGothicNeo-UltraLight,AppleSDGothicNeo-Light,AppleSDGothicNeo-Medium,AppleSDGothicNeo-SemiBold,AppleSDGothicNeo-Bold,AppleSymbols,ArialMT,Arial-ItalicMT,Arial-BoldMT,Arial-BoldItalicMT,ArialHebrew,ArialHebrew-Light,ArialHebrew-Bold,ArialRoundedMTBold,Avenir-Book,Avenir-Roman,Avenir-BookOblique,Avenir-Oblique,Avenir-Light,Avenir-LightOblique,Avenir-Medium,Avenir-MediumOblique,Avenir-Heavy,Avenir-HeavyOblique,Avenir-Black,Avenir-BlackOblique,AvenirNext-Regular,AvenirNext-Italic,AvenirNext-UltraLight,AvenirNext-UltraLightItalic,AvenirNext-Medium,AvenirNext-MediumItalic,AvenirNext-DemiBold,AvenirNext-DemiBoldItalic,AvenirNext-Bold,AvenirNext-BoldItalic,AvenirNext-Heavy,AvenirNext-HeavyItalic,AvenirNextCondensed-Regular,AvenirNextCondensed-Italic,AvenirNextCondensed-UltraLight,AvenirNextCondensed-UltraLightItalic,AvenirNextCondensed-Medium,AvenirNextCondensed-MediumItalic,AvenirNextCondensed-DemiBold,AvenirNextCondensed-DemiBoldItalic,AvenirNextCondensed-Bold,AvenirNextCondensed-BoldItalic,AvenirNextCondensed-Heavy,AvenirNextCondensed-HeavyItalic,Baskerville,Baskerville-Italic,Baskerville-SemiBold,Baskerville-SemiBoldItalic,Baskerville-Bold,Baskerville-BoldItalic,BodoniSvtyTwoITCTT-Book,BodoniSvtyTwoITCTT-BookIta,BodoniSvtyTwoITCTT-Bold,BodoniSvtyTwoOSITCTT-Book,BodoniSvtyTwoOSITCTT-BookIt,BodoniSvtyTwoOSITCTT-Bold,BodoniSvtyTwoSCITCTT-Book,BodoniOrnamentsITCTT,BradleyHandITCTT-Bold,ChalkboardSE-Regular,ChalkboardSE-Light,ChalkboardSE-Bold,Chalkduster,Charter-Roman,Charter-Italic,Charter-Bold,Charter-BoldItalic,Charter-Black,Charter-BlackItalic,Cochin,Cochin-Italic,Cochin-Bold,Cochin-BoldItalic,Copperplate,Copperplate-Light,Copperplate-Bold,CourierNewPSMT,CourierNewPS-ItalicMT,CourierNewPS-BoldMT,CourierNewPS-BoldItalicMT,Damascus,DamascusLight,DamascusMedium,DamascusSemiBold,DamascusBold,DevanagariSangamMN,DevanagariSangamMN-Bold,Didot,Didot-Italic,Didot-Bold,DINAlternate-Bold,DINCondensed-Bold,EuphemiaUCAS,EuphemiaUCAS-Italic,EuphemiaUCAS-Bold,Farah,Futura-Medium,Futura-MediumItalic,Futura-Bold,Futura-CondensedMedium,Futura-CondensedExtraBold,Galvji,Galvji-Bold,GeezaPro,GeezaPro-Bold,Georgia,Georgia-Italic,Georgia-Bold,Georgia-BoldItalic,GillSans,GillSans-Italic,GillSans-Light,GillSans-LightItalic,GillSans-SemiBold,GillSans-SemiBoldItalic,GillSans-Bold,GillSans-BoldItalic,GillSans-UltraBold,GranthaSangamMN-Regular,GranthaSangamMN-Bold,Helvetica,Helvetica-Oblique,Helvetica-Light,Helvetica-LightOblique,Helvetica-Bold,Helvetica-BoldOblique,HelveticaNeue,HelveticaNeue-Italic,HelveticaNeue-UltraLight,HelveticaNeue-UltraLightItalic,HelveticaNeue-Thin,HelveticaNeue-ThinItalic,HelveticaNeue-Light,HelveticaNeue-LightItalic,HelveticaNeue-Medium,HelveticaNeue-MediumItalic,HelveticaNeue-Bold,HelveticaNeue-BoldItalic,HelveticaNeue-CondensedBold,HelveticaNeue-CondensedBlack,HiraMaruProN-W4,HiraMinProN-W3,HiraMinProN-W6,HiraginoSans-W3,HiraginoSans-W6,HiraginoSans-W7,HoeflerText-Regular,HoeflerText-Italic,HoeflerText-Black,HoeflerText-BlackItalic,Impact,Kailasa,Kailasa-Bold,Kefa-Regular,KhmerSangamMN,KohinoorBangla-Regular,KohinoorBangla-Light,KohinoorBangla-Semibold,KohinoorDevanagari-Regular,KohinoorDevanagari-Light,KohinoorDevanagari-Semibold,KohinoorGujarati-Regular,KohinoorGujarati-Light,KohinoorGujarati-Bold,KohinoorTelugu-Regular,KohinoorTelugu-Light,KohinoorTelugu-Medium,LaoSangamMN,MalayalamSangamMN,MalayalamSangamMN-Bold,MarkerFelt-Thin,MarkerFelt-Wide,Menlo-Regular,Menlo-Italic,Menlo-Bold,Menlo-BoldItalic,DiwanMishafi,MuktaMahee-Regular,MuktaMahee-Light,MuktaMahee-Bold,MyanmarSangamMN,MyanmarSangamMN-Bold,Noteworthy-Light,Noteworthy-Bold,NotoNastaliqUrdu,NotoNastaliqUrdu-Bold,NotoSansKannada-Regular,NotoSansKannada-Light,NotoSansKannada-Bold,NotoSansMyanmar-Regular,NotoSansMyanmar-Light,NotoSansMyanmar-Bold,NotoSansOriya,NotoSansOriya-Bold,Optima-Regular,Optima-Italic,Optima-Bold,Optima-BoldItalic,Optima-ExtraBlack,Palatino-Roman,Palatino-Italic,Palatino-Bold,Palatino-BoldItalic,Papyrus,Papyrus-Condensed,PartyLetPlain,PingFangHK-Regular,PingFangHK-Ultralight,PingFangHK-Thin,PingFangHK-Light,PingFangHK-Medium,PingFangHK-Semibold,PingFangSC-Regular,PingFangSC-Ultralight,PingFangSC-Thin,PingFangSC-Light,PingFangSC-Medium,PingFangSC-Semibold,PingFangTC-Regular,PingFangTC-Ultralight,PingFangTC-Thin,PingFangTC-Light,PingFangTC-Medium,PingFangTC-Semibold,Rockwell-Regular,Rockwell-Italic,Rockwell-Bold,Rockwell-BoldItalic,SavoyeLetPlain,SinhalaSangamMN,SinhalaSangamMN-Bold,SnellRoundhand,SnellRoundhand-Bold,SnellRoundhand-Black,STIXTwoMath-Regular,STIXTwoText,STIXTwoText-Italic,STIXTwoText_Medium,STIXTwoText-Italic_Medium-Italic,STIXTwoText_SemiBold,STIXTwoText-Italic_SemiBold-Italic,STIXTwoText_Bold,STIXTwoText-Italic_Bold-Italic,Symbol,TamilSangamMN,TamilSangamMN-Bold,Thonburi,Thonburi-Light,Thonburi-Bold,TimesNewRomanPSMT,TimesNewRomanPS-ItalicMT,TimesNewRomanPS-BoldMT,TimesNewRomanPS-BoldItalicMT,TrebuchetMS,TrebuchetMS-Italic,TrebuchetMS-Bold,Trebuchet-BoldItalic,Verdana,Verdana-Italic,Verdana-Bold,Verdana-BoldItalic,ZapfDingbatsITC,Zapfino","IDFA":"disabled","IS_DEBUGGING":"{\"debugger_connected\":true,\"debuggable\":false}","IS_DEVICE_SECURE":"Yes","IS_ICLOUD_SIGNIN":"No","BATTERY":"-100.0","FILE_PATHS":"{\"file_path\":\"\\\/Users\\\/akash\\\/Library\\\/Developer\\\/CoreSimulator\\\/Devices\\\/6599BF53-C92C-498F-803B-BACE1F8EF868\\\/data\\\/Containers\\\/Data\\\/Application\\\/955D46E2-908C-4AEA-A75D-0BA735D5CED4\\\/Applications\"}","DEVICE_NAME":"iPhone 14","SITE_ID":"dda05c5ddac400e1c133a360e2714aada4cda052","DEVICE_MODEL":"x86_64","LATLNG":"disabled"} []
SHIELD: debug ==> Error = %s Error encrypting keys with RSA public key
SHIELD: debug ==> https://pikachu.csftr.com/device/v2/mobile []
SHIELD: debug ==> REQUEST HEADERS: sv = 1.5.27 []
SHIELD: debug ==> REQUEST HEADERS: platform = 1 []
SHIELD: debug ==> REQUEST HEADERS: session_id = 753e7f693234406db36103fa003523f3 []
SHIELD: debug ==> REQUEST HEADERS: Timestamp = 1689339071538 []
SHIELD: debug ==> REQUEST HEADERS: Content-Type = text/plain []
SHIELD: debug ==> https://pikachu.csftr.com/wfp/send-error.php []
SHIELD: debug ==> REQUEST HEADERS: Site-Id = dda05c5ddac400e1c133a360e2714aada4cda052 []
SHIELD: debug ==> REQUEST HEADERS: x-enc = false []
SHIELD: debug ==> REQUEST HEADERS: Shield-Signature = 60a7ba2e9bc3faad42e823751f33799caaf5d50a745c7e28095c43ed1fdc12e6 []
SHIELD: debug ==> REQUEST HEADERS: Content-Type = application/json []
SHIELD: debug ==> RESPONSE HEADERS: Server = cloudflare []
SHIELD: debug ==> RESPONSE HEADERS: x-envoy-upstream-service-time = 23 []
SHIELD: debug ==> RESPONSE HEADERS: Date = Fri, 14 Jul 2023 12:51:11 GMT []
SHIELD: debug ==> RESPONSE HEADERS: Content-Encoding = gzip []
SHIELD: debug ==> RESPONSE HEADERS: Content-Type = application/json; charset=utf-8 []
SHIELD: debug ==> RESPONSE HEADERS: cf-ray = 7e69e54d6aac31c4-BOM []
SHIELD: debug ==> RESPONSE HEADERS: cf-cache-status = DYNAMIC []
SHIELD: debug ==> url: Optional("https://pikachu.csftr.com/device/v2/api/attributes"),status: Optional(200) []
SHIELD: debug ==> {"code":"5000","message":"Some Error Occurs at the Server Side","status":false} []
SHIELD: debug ==> RESPONSE HEADERS: Content-Encoding = gzip []
SHIELD: debug ==> RESPONSE HEADERS: its = 1esdsttn8pk9p []
SHIELD: debug ==> RESPONSE HEADERS: cf-ray = 7e69e54e6f3c1d14-BLR []
SHIELD: debug ==> RESPONSE HEADERS: Server = cloudflare []
SHIELD: debug ==> RESPONSE HEADERS: x-envoy-upstream-service-time = 37 []
SHIELD: debug ==> RESPONSE HEADERS: cxe = false []
SHIELD: debug ==> RESPONSE HEADERS: Content-Type = application/json; charset=utf-8 []
SHIELD: debug ==> RESPONSE HEADERS: message-digest = 1238501b10232c641992373b8482d578c03a461000291134a204ccc1966e3a0f []
SHIELD: debug ==> RESPONSE HEADERS: digest-required = true []
SHIELD: debug ==> RESPONSE HEADERS: cf-cache-status = DYNAMIC []
SHIELD: debug ==> RESPONSE HEADERS: Date = Fri, 14 Jul 2023 12:51:11 GMT []
SHIELD: debug ==> url: Optional("https://pikachu.csftr.com/device/v2/mobile"),status: Optional(200) []
SHIELD: debug ==> {"mismatch-fp-setting-version":true,"message":"Success","status":true,"auto_block":true,"feature_version":"60","callback":true,"auto_captcha":false,"result":{"platform":"iOS","version":"1.1.0","timestamp":"1689339071","is_payload_tampered":false,"session_id":"753e7f693234406db36103fa003523f3","device_intelligence":{"running_screen_sharing":false,"app_tampering":false,"debugging":true,"running_gps_spoofers":false,"hooking":false,"device_score":34,"suspicious_factory_reset":false,"running_vpn_spoofers":false,"is_emulated":true,"is_jailbroken":false,"shield_id":"ddaec1aaeb5a2516667c9f28735c45b2","running_clone_apps":false}},"code":"001"} []
SHIELD: debug ==> RESPONSE HEADERS: Content-Encoding = gzip []
SHIELD: debug ==> RESPONSE HEADERS: cf-ray = 7e69e54d0b5a1d18-BLR []
SHIELD: debug ==> RESPONSE HEADERS: Server = cloudflare []
SHIELD: debug ==> RESPONSE HEADERS: x-envoy-upstream-service-time = 284 []
SHIELD: debug ==> RESPONSE HEADERS: Content-Type = application/json; charset=utf-8 []
SHIELD: debug ==> RESPONSE HEADERS: cf-cache-status = DYNAMIC []
SHIELD: debug ==> RESPONSE HEADERS: Date = Fri, 14 Jul 2023 12:51:11 GMT []
SHIELD: debug ==> url: Optional("https://pikachu.csftr.com/shield-fp/v1/api/intelligence/753e7f693234406db36103fa003523f3?sdk=true&platform=APP"),status: Optional(200) []
SHIELD: debug ==> {"code":"4000","message":"intelligence not found","result":null,"status":false} []
SHIELD: debug ==> RESPONSE HEADERS: Server = cloudflare []
SHIELD: debug ==> RESPONSE HEADERS: Content-Length = 9 []
SHIELD: debug ==> RESPONSE HEADERS: Date = Fri, 14 Jul 2023 12:51:11 GMT []
SHIELD: debug ==> RESPONSE HEADERS: cf-ray = 7e69e54ec9b331b8-BOM []
SHIELD: debug ==> RESPONSE HEADERS: Content-Type = application/json; charset=utf-8 []
SHIELD: debug ==> RESPONSE HEADERS: cf-cache-status = DYNAMIC []
SHIELD: debug ==> RESPONSE HEADERS: x-envoy-upstream-service-time = 3 []
SHIELD: debug ==> url: Optional("https://pikachu.csftr.com/wfp/send-error.php"),status: Optional(200) []
